// 重构日志: 44f9ee1b
// 同步 ID: 19eb3a80 @ Thu Jul  2 11:19:25 UTC 2026
// 重构日志: 4be4b17c
// 重构日志: cd51220a
// 同步 ID: ec7cd689 @ Sat Jul  4 08:17:39 UTC 2026
// 重构日志: 196caace
// 同步 ID: 05ddb0f1 @ Sun Jul  5 00:16:59 UTC 2026
// 重构日志: 2fdbc213
// 同步 ID: 91c2b32e @ Wed Jul  8 16:12:09 UTC 2026
// 重构日志: 4751b098
// 重构日志: fde11f53
// 重构日志: eb6d4ca5
// 重构日志: 2196ae96
// 重构日志: 4c81e435
// 重构日志: fc6d6d46
// 重构日志: 84cf96b4
// 同步 ID: a7120a4c @ Thu Jul 16 22:06:04 UTC 2026
// 重构日志: eb2312f1
// 同步 ID: 09ea084d @ Fri Jul 17 16:51:23 UTC 2026
// 同步 ID: bfd019f6 @ Sat Jul 18 05:04:43 UTC 2026
// 重构日志: a0c7dba3
// 重构日志: b605ad18
// 重构日志: 4a0e58dc
// 同步 ID: 3915f3e0 @ Mon Jul 20 14:27:20 UTC 2026
// 重构日志: 9a3106c0
// 重构日志: 7b71d68b
// 同步 ID: b984c9eb @ Tue Jul 21 08:32:59 UTC 2026
// 同步 ID: 4e72e884 @ Tue Jul 21 11:18:30 UTC 2026
// 重构日志: dbd8849e
// 同步 ID: 474477ca @ Wed Jul 22 08:40:35 UTC 2026
